<?xml version="1.0" encoding="UTF-8"?>
<!-- Generated by org.testng.reporters.JUnitXMLReporter -->
<testsuite ignored="3" hostname="LAPTOP-B8G85UAF" failures="0" tests="2" name="Test" time="42.805" errors="0" timestamp="2023-03-30T11:26:00 IST">
  <testcase classname="vtiger.organaisation.test.CreatorganaisationTest" name="crtOrganaizationTest" time="7.871"/>
  <testcase classname="vtiger.contact.test.Crt_ContactTest" name="createcontact" time="8.552"/>
  <testcase classname="vtiger.contact.test.Crt_ContactTest" name="newq" time="0.0">
    <ignored/>
  </testcase> <!-- newq -->
  <testcase classname="vtiger.Generalutility.Base_class" name="@AfterSuite closeDB" time="0.0">
    <ignored/>
  </testcase> <!-- @AfterSuite closeDB -->
  <testcase classname="vtiger.Generalutility.Base_class" name="@BeforeSuite database" time="0.0">
    <ignored/>
  </testcase> <!-- @BeforeSuite database -->
</testsuite> <!-- Test -->
