<?xml version="1.0" encoding="UTF-8"?>
<!-- Generated by org.testng.reporters.JUnitXMLReporter -->
<testsuite ignored="1" hostname="LAPTOP-B8G85UAF" failures="0" tests="1" name="Test" time="22.289" errors="0" timestamp="2023-03-31T10:39:46 IST">
  <testcase classname="vtiger.contact.test.Crt_ContactTest" name="newq" time="0.006"/>
  <testcase classname="vtiger.contact.test.Crt_ContactTest" name="createcontact" time="0.0">
    <ignored/>
  </testcase> <!-- createcontact -->
</testsuite> <!-- Test -->
