<?xml version="1.0" encoding="UTF-8"?>
<testng-results ignored="3" total="5" passed="2" failed="0" skipped="0">
  <reporter-output>
  </reporter-output>
  <suite started-at="2023-03-30T11:25:17 IST" name="Suite" finished-at="2023-03-30T11:26:00 IST" duration-ms="42805">
    <groups>
      <group name="regression">
        <method signature="CreatorganaisationTest.crtOrganaizationTest()[pri:0, instance:vtiger.organaisation.test.CreatorganaisationTest@7db12bb6]" name="crtOrganaizationTest" class="vtiger.organaisation.test.CreatorganaisationTest"/>
      </group> <!-- regression -->
      <group name="smoke">
        <method signature="CreatorganaisationTest.crtOrganaizationTest()[pri:0, instance:vtiger.organaisation.test.CreatorganaisationTest@7db12bb6]" name="crtOrganaizationTest" class="vtiger.organaisation.test.CreatorganaisationTest"/>
        <method signature="Crt_ContactTest.createcontact()[pri:0, instance:vtiger.contact.test.Crt_ContactTest@942a29c]" name="createcontact" class="vtiger.contact.test.Crt_ContactTest"/>
      </group> <!-- smoke -->
    </groups>
    <test started-at="2023-03-30T11:25:17 IST" name="Test" finished-at="2023-03-30T11:26:00 IST" duration-ms="42805">
      <class name="vtiger.contact.test.Crt_ContactTest">
        <test-method is-config="true" signature="launching()[pri:0, instance:vtiger.contact.test.Crt_ContactTest@942a29c]" started-at="2023-03-30T11:25:41 IST" name="launching" finished-at="2023-03-30T11:25:48 IST" duration-ms="7029" status="PASS">
          <reporter-output>
          </reporter-output>
        </test-method> <!-- launching -->
        <test-method is-config="true" signature="login()[pri:0, instance:vtiger.contact.test.Crt_ContactTest@942a29c]" started-at="2023-03-30T11:25:48 IST" name="login" finished-at="2023-03-30T11:25:50 IST" duration-ms="1924" status="PASS">
          <reporter-output>
          </reporter-output>
        </test-method> <!-- login -->
        <test-method signature="createcontact()[pri:0, instance:vtiger.contact.test.Crt_ContactTest@942a29c]" started-at="2023-03-30T11:25:50 IST" name="createcontact" finished-at="2023-03-30T11:25:58 IST" duration-ms="8552" status="PASS">
          <reporter-output>
          </reporter-output>
        </test-method> <!-- createcontact -->
        <test-method is-config="true" signature="logout()[pri:0, instance:vtiger.contact.test.Crt_ContactTest@942a29c]" started-at="2023-03-30T11:25:58 IST" name="logout" finished-at="2023-03-30T11:25:59 IST" duration-ms="1044" status="PASS">
          <reporter-output>
          </reporter-output>
        </test-method> <!-- logout -->
        <test-method is-config="true" signature="closebrowser()[pri:0, instance:vtiger.contact.test.Crt_ContactTest@942a29c]" started-at="2023-03-30T11:25:59 IST" name="closebrowser" finished-at="2023-03-30T11:26:00 IST" duration-ms="654" status="PASS">
          <reporter-output>
          </reporter-output>
        </test-method> <!-- closebrowser -->
      </class> <!-- vtiger.contact.test.Crt_ContactTest -->
      <class name="vtiger.organaisation.test.CreatorganaisationTest">
        <test-method is-config="true" signature="database()[pri:0, instance:vtiger.organaisation.test.CreatorganaisationTest@7db12bb6]" started-at="2023-03-30T11:25:17 IST" name="database" finished-at="2023-03-30T11:25:17 IST" duration-ms="6" status="PASS">
          <reporter-output>
          </reporter-output>
        </test-method> <!-- database -->
        <test-method is-config="true" signature="launching()[pri:0, instance:vtiger.organaisation.test.CreatorganaisationTest@7db12bb6]" started-at="2023-03-30T11:25:17 IST" name="launching" finished-at="2023-03-30T11:25:29 IST" duration-ms="11742" status="PASS">
          <reporter-output>
          </reporter-output>
        </test-method> <!-- launching -->
        <test-method is-config="true" signature="login()[pri:0, instance:vtiger.organaisation.test.CreatorganaisationTest@7db12bb6]" started-at="2023-03-30T11:25:29 IST" name="login" finished-at="2023-03-30T11:25:31 IST" duration-ms="1954" status="PASS">
          <reporter-output>
          </reporter-output>
        </test-method> <!-- login -->
        <test-method signature="crtOrganaizationTest()[pri:0, instance:vtiger.organaisation.test.CreatorganaisationTest@7db12bb6]" started-at="2023-03-30T11:25:31 IST" name="crtOrganaizationTest" finished-at="2023-03-30T11:25:39 IST" duration-ms="7871" status="PASS">
          <reporter-output>
          </reporter-output>
        </test-method> <!-- crtOrganaizationTest -->
        <test-method is-config="true" signature="logout()[pri:0, instance:vtiger.organaisation.test.CreatorganaisationTest@7db12bb6]" started-at="2023-03-30T11:25:39 IST" name="logout" finished-at="2023-03-30T11:25:40 IST" duration-ms="1308" status="PASS">
          <reporter-output>
          </reporter-output>
        </test-method> <!-- logout -->
        <test-method is-config="true" signature="closebrowser()[pri:0, instance:vtiger.organaisation.test.CreatorganaisationTest@7db12bb6]" started-at="2023-03-30T11:25:40 IST" name="closebrowser" finished-at="2023-03-30T11:25:41 IST" duration-ms="689" status="PASS">
          <reporter-output>
          </reporter-output>
        </test-method> <!-- closebrowser -->
        <test-method is-config="true" signature="closeDB()[pri:0, instance:vtiger.organaisation.test.CreatorganaisationTest@7db12bb6]" started-at="2023-03-30T11:26:00 IST" name="closeDB" finished-at="2023-03-30T11:26:00 IST" duration-ms="1" status="PASS">
          <reporter-output>
          </reporter-output>
        </test-method> <!-- closeDB -->
      </class> <!-- vtiger.organaisation.test.CreatorganaisationTest -->
    </test> <!-- Test -->
  </suite> <!-- Suite -->
</testng-results>
